<?xml version="1.0" encoding="UTF-8"?>
<!-- Generated by org.testng.reporters.JUnitXMLReporter -->
<testsuite hostname="DESKTOP-R4SI2TC" ignored="0" name="Test" tests="1" failures="1" timestamp="14 Aug 2022 03:48:46 GMT" time="69.201" errors="0">
  <testcase name="openMortgageAccount" time="60.425" classname="com.truist.qa.openAccount.TestOpenMortgage">
    <failure type="java.lang.AssertionError" message="null">
      <![CDATA[java.lang.AssertionError: null
at commons.Commons.javaScriptClick(Commons.java:106)
at objects.OpenMortgagePage.clickBuyHome(OpenMortgagePage.java:51)
at objects.OpenMortgagePage.openMortgageSteps(OpenMortgagePage.java:72)
at com.truist.qa.openAccount.TestOpenMortgage.openMortgageAccount(TestOpenMortgage.java:11)
... Removed 27 stack frames]]>
    </failure>
  </testcase> <!-- openMortgageAccount -->
</testsuite> <!-- Test -->
