<?xml version="1.0" encoding="UTF-8"?>
<!-- Generated by org.testng.reporters.JUnitXMLReporter -->
<testsuite hostname="DESKTOP-R4SI2TC" ignored="1" name="Test" tests="2" failures="0" timestamp="06 Sep 2022 17:10:30 GMT" time="201.346" errors="0">
  <testcase name="openCreditCardAccountMapDataProviderWithEnam" time="89.72" classname="com.truist.qa.openAccount.TestOpenAccountDataMap"/>
  <testcase name="openCreditCardAccountMapDataProviderWithEnam" time="89.391" classname="com.truist.qa.openAccount.TestOpenAccountDataMap"/>
  <testcase name="openCreditCardAccountMapDataProvider" time="0.0" classname="com.truist.qa.openAccount.TestOpenAccountDataMap">
    <ignored/>
  </testcase> <!-- openCreditCardAccountMapDataProvider -->
</testsuite> <!-- Test -->
