<?xml version="1.0" encoding="UTF-8"?>
<testng-results skipped="0" failed="0" ignored="0" total="1" passed="1">
  <reporter-output>
  </reporter-output>
  <suite name="Default suite" duration-ms="13053" started-at="2022-07-27T16:48:10Z" finished-at="2022-07-27T16:48:23Z">
    <groups>
    </groups>
    <test name="Default test" duration-ms="13053" started-at="2022-07-27T16:48:10Z" finished-at="2022-07-27T16:48:23Z">
      <class name="com.truist.qa.openAccount.TestCreditCard">
        <test-method status="PASS" signature="setUp()[pri:0, instance:com.truist.qa.openAccount.TestCreditCard@6e4784bc]" name="setUp" is-config="true" duration-ms="11900" started-at="2022-07-27T16:48:10Z" finished-at="2022-07-27T16:48:22Z">
          <reporter-output>
          </reporter-output>
        </test-method> <!-- setUp -->
        <test-method status="PASS" signature="openCreditCardAccoutn()[pri:0, instance:com.truist.qa.openAccount.TestCreditCard@6e4784bc]" name="openCreditCardAccoutn" duration-ms="9" started-at="2022-07-27T16:48:22Z" finished-at="2022-07-27T16:48:22Z">
          <reporter-output>
          </reporter-output>
        </test-method> <!-- openCreditCardAccoutn -->
        <test-method status="PASS" signature="terminate()[pri:0, instance:com.truist.qa.openAccount.TestCreditCard@6e4784bc]" name="terminate" is-config="true" duration-ms="1116" started-at="2022-07-27T16:48:22Z" finished-at="2022-07-27T16:48:23Z">
          <reporter-output>
          </reporter-output>
        </test-method> <!-- terminate -->
      </class> <!-- com.truist.qa.openAccount.TestCreditCard -->
    </test> <!-- Default test -->
  </suite> <!-- Default suite -->
</testng-results>
