<?xml version="1.0" encoding="UTF-8"?>
<testng-results skipped="0" failed="1" ignored="0" total="1" passed="0">
  <reporter-output>
    <line>
      <![CDATA[waiting for the element to be clickable---->[[ChromeDriver: chrome on WINDOWS (60ebfccced8781dfd6299f8ab550d2a9)] -> xpath: //a[@class='truist-globalnav-nav-link truist-globalnav-dropdown-toggle']]<br>]]>
    </line>
    <line>
      <![CDATA[[[ChromeDriver: chrome on WINDOWS (60ebfccced8781dfd6299f8ab550d2a9)] -> xpath: //a[@class='truist-globalnav-nav-link truist-globalnav-dropdown-toggle']] :This element has been clicked<br>]]>
    </line>
    <line>
      <![CDATA[waiting for the element to be clickable---->[[ChromeDriver: chrome on WINDOWS (60ebfccced8781dfd6299f8ab550d2a9)] -> xpath: //a[@data-wa-linkurl='#credit-cards']]<br>]]>
    </line>
    <line>
      <![CDATA[[[ChromeDriver: chrome on WINDOWS (60ebfccced8781dfd6299f8ab550d2a9)] -> xpath: //a[@data-wa-linkurl='#credit-cards']] :This element has been clicked<br>]]>
    </line>
    <line>
      <![CDATA[waiting for the element to be clickable---->[[ChromeDriver: chrome on WINDOWS (60ebfccced8781dfd6299f8ab550d2a9)] -> xpath: (//a[normalize-space(text())='View card details'])[1]]<br>]]>
    </line>
    <line>
      <![CDATA[Proxy element for: DefaultElementLocator 'By.xpath: (//a[normalize-space(text())='View card details'])[1]' :This element has been clicked<br>]]>
    </line>
    <line>
      <![CDATA[[[ChromeDriver: chrome on WINDOWS (60ebfccced8781dfd6299f8ab550d2a9)] -> xpath: //h2[contains(text(),'Compare Truist Visa速 credit cards')]]-------> :This element has text: Compare Truist Visa速 credit cards<br>]]>
    </line>
  </reporter-output>
  <suite name="Suite" duration-ms="95345" started-at="2022-08-30T01:26:54Z" finished-at="2022-08-30T01:28:29Z">
    <groups>
    </groups>
    <test name="Test" duration-ms="95345" started-at="2022-08-30T01:26:54Z" finished-at="2022-08-30T01:28:29Z">
      <class name="com.truist.qa.openAccount.TestOpenAccount">
        <test-method status="PASS" signature="setUp(java.lang.String)[pri:0, instance:com.truist.qa.openAccount.TestOpenAccount@19bb07ed]" name="setUp" is-config="true" duration-ms="9085" started-at="2022-08-30T01:26:54Z" finished-at="2022-08-30T01:27:03Z">
          <params>
            <param index="0">
              <value>
                <![CDATA[chrome]]>
              </value>
            </param>
          </params>
          <reporter-output>
          </reporter-output>
        </test-method> <!-- setUp -->
        <test-method status="FAIL" signature="openCreditCardAccount()[pri:0, instance:com.truist.qa.openAccount.TestOpenAccount@19bb07ed]" name="openCreditCardAccount" duration-ms="85371" started-at="2022-08-30T01:27:03Z" finished-at="2022-08-30T01:28:28Z">
          <exception class="org.openqa.selenium.TimeoutException">
            <message>
              <![CDATA[Expected condition failed: waiting for element to be clickable: Proxy element for: DefaultElementLocator 'By.xpath: //*[@id="cta-663716574"]/a' (tried for 35 second(s) with 500 milliseconds interval)]]>
            </message>
            <full-stacktrace>
              <![CDATA[org.openqa.selenium.TimeoutException: Expected condition failed: waiting for element to be clickable: Proxy element for: DefaultElementLocator 'By.xpath: //*[@id="cta-663716574"]/a' (tried for 35 second(s) with 500 milliseconds interval)
at org.openqa.selenium.support.ui.WebDriverWait.timeoutException(WebDriverWait.java:87)
at org.openqa.selenium.support.ui.FluentWait.until(FluentWait.java:231)
at commons.CommonWaits.waitUntilClickable(CommonWaits.java:21)
at commons.Commons.click(Commons.java:53)
at objects.OpenAccountPage.clickApplyNow(OpenAccountPage.java:58)
at objects.OpenAccountPage.openAccountSteps(OpenAccountPage.java:75)
at com.truist.qa.openAccount.TestOpenAccount.openCreditCardAccount(TestOpenAccount.java:12)
at sun.reflect.NativeMethodAccessorImpl.invoke0(Native Method)
at sun.reflect.NativeMethodAccessorImpl.invoke(NativeMethodAccessorImpl.java:62)
at sun.reflect.DelegatingMethodAccessorImpl.invoke(DelegatingMethodAccessorImpl.java:43)
at java.lang.reflect.Method.invoke(Method.java:498)
at org.testng.internal.MethodInvocationHelper.invokeMethod(MethodInvocationHelper.java:124)
at org.testng.internal.Invoker.invokeMethod(Invoker.java:583)
at org.testng.internal.Invoker.invokeTestMethod(Invoker.java:719)
at org.testng.internal.Invoker.invokeTestMethods(Invoker.java:989)
at org.testng.internal.TestMethodWorker.invokeTestMethods(TestMethodWorker.java:125)
at org.testng.internal.TestMethodWorker.run(TestMethodWorker.java:109)
at org.testng.TestRunner.privateRun(TestRunner.java:648)
at org.testng.TestRunner.run(TestRunner.java:505)
at org.testng.SuiteRunner.runTest(SuiteRunner.java:455)
at org.testng.SuiteRunner.runSequentially(SuiteRunner.java:450)
at org.testng.SuiteRunner.privateRun(SuiteRunner.java:415)
at org.testng.SuiteRunner.run(SuiteRunner.java:364)
at org.testng.SuiteRunnerWorker.runSuite(SuiteRunnerWorker.java:52)
at org.testng.SuiteRunnerWorker.run(SuiteRunnerWorker.java:84)
at org.testng.TestNG.runSuitesSequentially(TestNG.java:1208)
at org.testng.TestNG.runSuitesLocally(TestNG.java:1137)
at org.testng.TestNG.runSuites(TestNG.java:1049)
at org.testng.TestNG.run(TestNG.java:1017)
at org.testng.remote.AbstractRemoteTestNG.run(AbstractRemoteTestNG.java:115)
at org.testng.remote.RemoteTestNG.initAndRun(RemoteTestNG.java:251)
at org.testng.remote.RemoteTestNG.main(RemoteTestNG.java:77)
Caused by: org.openqa.selenium.NoSuchElementException: no such element: Unable to locate element: {"method":"xpath","selector":"//*[@id="cta-663716574"]/a"}
  (Session info: chrome=104.0.5112.102)
For documentation on this error, please visit: https://selenium.dev/exceptions/#no_such_element
Build info: version: '4.3.0', revision: 'a4995e2c09*'
System info: host: 'DESKTOP-R4SI2TC', ip: '10.0.0.3', os.name: 'Windows 10', os.arch: 'amd64', os.version: '10.0', java.version: '1.8.0_301'
Driver info: org.openqa.selenium.chrome.ChromeDriver
Command: [60ebfccced8781dfd6299f8ab550d2a9, findElement {using=xpath, value=//*[@id="cta-663716574"]/a}]
Capabilities {acceptInsecureCerts: false, browserName: chrome, browserVersion: 104.0.5112.102, chrome: {chromedriverVersion: 104.0.5112.79 (3cf3e8c8a07d..., userDataDir: C:\Users\kamru\AppData\Loca...}, goog:chromeOptions: {debuggerAddress: localhost:64973}, networkConnectionEnabled: false, pageLoadStrategy: normal, platformName: WINDOWS, proxy: Proxy(), se:cdp: ws://localhost:64973/devtoo..., se:cdpVersion: 104.0.5112.102, setWindowRect: true, strictFileInteractability: false, timeouts: {implicit: 0, pageLoad: 300000, script: 30000}, unhandledPromptBehavior: dismiss and notify, webauthn:extension:credBlob: true, webauthn:extension:largeBlob: true, webauthn:virtualAuthenticators: true}
Session ID: 60ebfccced8781dfd6299f8ab550d2a9
at sun.reflect.NativeConstructorAccessorImpl.newInstance0(Native Method)
at sun.reflect.NativeConstructorAccessorImpl.newInstance(NativeConstructorAccessorImpl.java:62)
at sun.reflect.DelegatingConstructorAccessorImpl.newInstance(DelegatingConstructorAccessorImpl.java:45)
at java.lang.reflect.Constructor.newInstance(Constructor.java:423)
at org.openqa.selenium.remote.codec.w3c.W3CHttpResponseCodec.createException(W3CHttpResponseCodec.java:200)
at org.openqa.selenium.remote.codec.w3c.W3CHttpResponseCodec.decode(W3CHttpResponseCodec.java:133)
at org.openqa.selenium.remote.codec.w3c.W3CHttpResponseCodec.decode(W3CHttpResponseCodec.java:53)
at org.openqa.selenium.remote.HttpCommandExecutor.execute(HttpCommandExecutor.java:184)
at org.openqa.selenium.remote.service.DriverCommandExecutor.invokeExecute(DriverCommandExecutor.java:167)
at org.openqa.selenium.remote.service.DriverCommandExecutor.execute(DriverCommandExecutor.java:142)
at org.openqa.selenium.remote.RemoteWebDriver.execute(RemoteWebDriver.java:569)
at org.openqa.selenium.remote.ElementLocation$ElementFinder$2.findElement(ElementLocation.java:162)
at org.openqa.selenium.remote.ElementLocation.findElement(ElementLocation.java:60)
at org.openqa.selenium.remote.RemoteWebDriver.findElement(RemoteWebDriver.java:387)
at org.openqa.selenium.remote.RemoteWebDriver.findElement(RemoteWebDriver.java:379)
at org.openqa.selenium.support.pagefactory.DefaultElementLocator.findElement(DefaultElementLocator.java:70)
at org.openqa.selenium.support.pagefactory.internal.LocatingElementHandler.invoke(LocatingElementHandler.java:39)
at com.sun.proxy.$Proxy15.isDisplayed(Unknown Source)
at org.openqa.selenium.support.ui.ExpectedConditions.elementIfVisible(ExpectedConditions.java:307)
at org.openqa.selenium.support.ui.ExpectedConditions.access$000(ExpectedConditions.java:40)
at org.openqa.selenium.support.ui.ExpectedConditions$10.apply(ExpectedConditions.java:293)
at org.openqa.selenium.support.ui.ExpectedConditions$10.apply(ExpectedConditions.java:290)
at org.openqa.selenium.support.ui.ExpectedConditions$23.apply(ExpectedConditions.java:660)
at org.openqa.selenium.support.ui.ExpectedConditions$23.apply(ExpectedConditions.java:656)
at org.openqa.selenium.support.ui.FluentWait.until(FluentWait.java:208)
... 30 more
]]>
            </full-stacktrace>
          </exception> <!-- org.openqa.selenium.TimeoutException -->
          <reporter-output>
            <line>
              <![CDATA[waiting for the element to be clickable---->[[ChromeDriver: chrome on WINDOWS (60ebfccced8781dfd6299f8ab550d2a9)] -> xpath: //a[@class='truist-globalnav-nav-link truist-globalnav-dropdown-toggle']]<br>]]>
            </line>
            <line>
              <![CDATA[[[ChromeDriver: chrome on WINDOWS (60ebfccced8781dfd6299f8ab550d2a9)] -> xpath: //a[@class='truist-globalnav-nav-link truist-globalnav-dropdown-toggle']] :This element has been clicked<br>]]>
            </line>
            <line>
              <![CDATA[waiting for the element to be clickable---->[[ChromeDriver: chrome on WINDOWS (60ebfccced8781dfd6299f8ab550d2a9)] -> xpath: //a[@data-wa-linkurl='#credit-cards']]<br>]]>
            </line>
            <line>
              <![CDATA[[[ChromeDriver: chrome on WINDOWS (60ebfccced8781dfd6299f8ab550d2a9)] -> xpath: //a[@data-wa-linkurl='#credit-cards']] :This element has been clicked<br>]]>
            </line>
            <line>
              <![CDATA[waiting for the element to be clickable---->[[ChromeDriver: chrome on WINDOWS (60ebfccced8781dfd6299f8ab550d2a9)] -> xpath: (//a[normalize-space(text())='View card details'])[1]]<br>]]>
            </line>
            <line>
              <![CDATA[Proxy element for: DefaultElementLocator 'By.xpath: (//a[normalize-space(text())='View card details'])[1]' :This element has been clicked<br>]]>
            </line>
            <line>
              <![CDATA[[[ChromeDriver: chrome on WINDOWS (60ebfccced8781dfd6299f8ab550d2a9)] -> xpath: //h2[contains(text(),'Compare Truist Visa速 credit cards')]]-------> :This element has text: Compare Truist Visa速 credit cards<br>]]>
            </line>
          </reporter-output>
        </test-method> <!-- openCreditCardAccount -->
        <test-method status="PASS" signature="terminate()[pri:0, instance:com.truist.qa.openAccount.TestOpenAccount@19bb07ed]" name="terminate" is-config="true" duration-ms="839" started-at="2022-08-30T01:28:28Z" finished-at="2022-08-30T01:28:29Z">
          <reporter-output>
          </reporter-output>
        </test-method> <!-- terminate -->
      </class> <!-- com.truist.qa.openAccount.TestOpenAccount -->
    </test> <!-- Test -->
  </suite> <!-- Suite -->
</testng-results>
